Building DAG of jobs...
Using shell: /usr/bin/bash
Provided cluster nodes: 128
Job counts:
	count	jobs
	1	all
	1	calculateGeneIntronRatio
	1	extractOverlapWithAnno
	1	getIrInfo
	1	getSplieStats
	1	parseBedtoolsOutput
	6

[Mon Aug 24 20:43:51 2020]
rule extractOverlapWithAnno:
    input: /public/home/liuzj/scripts/pipeline/calcIrRatioNanopore/rawData/molMappingResult.bam, /public/home/liuzj/data/Araport11/gene.bed
    output: /public/home/liuzj/scripts/pipeline/calcIrRatioNanopore/results/step1_extractOverlapWithAnno/molOverlapResult.bed
    jobid: 5


cd /public/home/liuzj/scripts/pipeline/calcIrRatioNanopore/scripts/
bedtools intersect -abam /public/home/liuzj/scripts/pipeline/calcIrRatioNanopore/rawData/molMappingResult.bam -b /public/home/liuzj/data/Araport11/gene.bed -wo -s -split -bed > /public/home/liuzj/scripts/pipeline/calcIrRatioNanopore/results/step1_extractOverlapWithAnno/molOverlapResult.bed
        
Submitted job 5 with external jobid '446086.master01'.

[Mon Aug 24 20:43:54 2020]
rule getSplieStats:
    input: /public/home/liuzj/scripts/pipeline/calcIrRatioNanopore/rawData/molMappingResult.bam, /public/home/liuzj/data/Araport11/araport11.representative.gene_model.bed
    output: /public/home/liuzj/scripts/pipeline/calcIrRatioNanopore/results/step3_getSplieStats/overlapWithRefBed.bed, /public/home/liuzj/scripts/pipeline/calcIrRatioNanopore/results/step3_getSplieStats/intronRetationInfo.tsv
    jobid: 4


cd /public/home/liuzj/scripts/pipeline/calcIrRatioNanopore/scripts/
bedtools intersect -abam /public/home/liuzj/scripts/pipeline/calcIrRatioNanopore/rawData/molMappingResult.bam -b /public/home/liuzj/data/Araport11/araport11.representative.gene_model.bed -wo -s -split -bed > /public/home/liuzj/scripts/pipeline/calcIrRatioNanopore/results/step3_getSplieStats/overlapWithRefBed.bed &&    python step13_getSpliceStats.py -i /public/home/liuzj/scripts/pipeline/calcIrRatioNanopore/results/step3_getSplieStats/overlapWithRefBed.bed -o /public/home/liuzj/scripts/pipeline/calcIrRatioNanopore/results/step3_getSplieStats/intronRetationInfo.tsv
        
Submitted job 4 with external jobid '446087.master01'.
[Mon Aug 24 20:45:52 2020]
Finished job 5.
1 of 6 steps (17%) done

[Mon Aug 24 20:45:52 2020]
rule parseBedtoolsOutput:
    input: /public/home/liuzj/scripts/pipeline/calcIrRatioNanopore/results/step1_extractOverlapWithAnno/molOverlapResult.bed
    output: /public/home/liuzj/scripts/pipeline/calcIrRatioNanopore/results/step2_parseBedtoolsOutput/parseBedtoolsResult.pkl
    jobid: 3


cd /public/home/liuzj/scripts/pipeline/calcIrRatioNanopore/scripts/
python step11_parseBedtoolsOutput.py -i /public/home/liuzj/scripts/pipeline/calcIrRatioNanopore/results/step1_extractOverlapWithAnno/molOverlapResult.bed -o /public/home/liuzj/scripts/pipeline/calcIrRatioNanopore/results/step2_parseBedtoolsOutput/parseBedtoolsResult.pkl
        
Submitted job 3 with external jobid '446088.master01'.
[Mon Aug 24 20:49:02 2020]
Finished job 4.
2 of 6 steps (33%) done
[Mon Aug 24 20:49:02 2020]
Finished job 3.
3 of 6 steps (50%) done

[Mon Aug 24 20:49:02 2020]
rule getIrInfo:
    input: /public/home/liuzj/scripts/pipeline/calcIrRatioNanopore/results/step2_parseBedtoolsOutput/parseBedtoolsResult.pkl, /public/home/liuzj/scripts/pipeline/calcIrRatioNanopore/results/step3_getSplieStats/intronRetationInfo.tsv
    output: /public/home/liuzj/scripts/pipeline/calcIrRatioNanopore/results/step4_getIrInfo/irInfo.tsv
    jobid: 2


cd /public/home/liuzj/scripts/pipeline/calcIrRatioNanopore/scripts/
python step14_getIrInfo.py -i /public/home/liuzj/scripts/pipeline/calcIrRatioNanopore/results/step3_getSplieStats/intronRetationInfo.tsv -g /public/home/liuzj/scripts/pipeline/calcIrRatioNanopore/results/step2_parseBedtoolsOutput/parseBedtoolsResult.pkl -o /public/home/liuzj/scripts/pipeline/calcIrRatioNanopore/results/step4_getIrInfo/irInfo.tsv
        
Submitted job 2 with external jobid '446092.master01'.
[Mon Aug 24 20:49:32 2020]
Finished job 2.
4 of 6 steps (67%) done

[Mon Aug 24 20:49:32 2020]
rule calculateGeneIntronRatio:
    input: /public/home/liuzj/scripts/pipeline/calcIrRatioNanopore/results/step4_getIrInfo/irInfo.tsv
    output: /public/home/liuzj/scripts/pipeline/calcIrRatioNanopore/results/step5_calculateGeneIntronRatio/irRatio.tsv
    jobid: 1


cd /public/home/liuzj/scripts/pipeline/calcIrRatioNanopore/scripts/
python step15_calculateGeneIntronRatio.py -i /public/home/liuzj/scripts/pipeline/calcIrRatioNanopore/results/step4_getIrInfo/irInfo.tsv -o /public/home/liuzj/scripts/pipeline/calcIrRatioNanopore/results/step5_calculateGeneIntronRatio/irRatio.tsv
        
Submitted job 1 with external jobid '446093.master01'.
[Mon Aug 24 20:51:42 2020]
Finished job 1.
5 of 6 steps (83%) done

[Mon Aug 24 20:51:42 2020]
localrule all:
    input: /public/home/liuzj/scripts/pipeline/calcIrRatioNanopore/results/step5_calculateGeneIntronRatio/irRatio.tsv
    jobid: 0

[Mon Aug 24 20:51:42 2020]
Finished job 0.
6 of 6 steps (100%) done
Complete log: /public/home/liuzj/scripts/pipeline/calcIrRatioNanopore/snakemake/.snakemake/log/2020-08-24T204351.899989.snakemake.log
