nohup: ignoring input
Building DAG of jobs...
Using shell: /usr/bin/bash
Provided cores: 128
Rules claiming more threads will be scaled down.
Job counts:
	count	jobs
	1	all
	1	getOverlapInfo
	2

[Wed Aug 12 21:57:30 2020]
rule getOverlapInfo:
    input: /public/home/liuzj/scripts/pipeline/extractUsefulBaseForCellranger/results/step1_splitBam/step1Finished.empty
    output: /public/home/liuzj/scripts/pipeline/extractUsefulBaseForCellranger/results/step2_getOverlapInfo/overlapInfo.tsv
    jobid: 1
    threads: 64


cd /public/home/liuzj/scripts/pipeline/extractUsefulBaseForCellranger/scripts/
jpy_qsub.py --sm -t 64 -n 1 -N getOverlapInfo --inline 'python step02_getOverlapInfo.py -i /public/home/liuzj/scripts/pipeline/extractUsefulBaseForCellranger/results/step1_splitBam/splitedDir/ -o /public/home/liuzj/scripts/pipeline/extractUsefulBaseForCellranger/results/step2_getOverlapInfo/overlapInfo.tsv -t 64'
        
444591.master01
#PBS -N getOverlapInfo_61943
#PBS -o /public/home/liuzj/pbslog/$PBS_JOBNAME.o$PBS_JOBID
#PBS -e /public/home/liuzj/pbslog/$PBS_JOBNAME.e$PBS_JOBID
#PBS -l nodes=1:ppn=64
#PBS -l mem=97gb
#PBS -l walltime=831:00:00
#PBS -V
cd $PBS_O_WORKDIR
time python step02_getOverlapInfo.py -i /public/home/liuzj/scripts/pipeline/extractUsefulBaseForCellranger/results/step1_splitBam/splitedDir/ -o /public/home/liuzj/scripts/pipeline/extractUsefulBaseForCellranger/results/step2_getOverlapInfo/overlapInfo.tsv -t 64 || jpy_sendMessage.py --title 'IPF上的☆getOverlapInfo_61943☆似乎出现了意外情况' --content '看不到我看不到我看不到我'
[Wed Aug 12 21:58:43 2020]
Finished job 1.
1 of 2 steps (50%) done

[Wed Aug 12 21:58:43 2020]
localrule all:
    input: /public/home/liuzj/scripts/pipeline/extractUsefulBaseForCellranger/results/step2_getOverlapInfo/overlapInfo.tsv
    jobid: 0

[Wed Aug 12 21:58:43 2020]
Finished job 0.
2 of 2 steps (100%) done
Complete log: /public/home/liuzj/scripts/pipeline/extractUsefulBaseForCellranger/snakemake/.snakemake/log/2020-08-12T215730.162001.snakemake.log
