nohup: ignoring input
Building DAG of jobs...
Using shell: /usr/bin/bash
Provided cores: 128
Rules claiming more threads will be scaled down.
Job counts:
	count	jobs
	1	all
	1	runCellRanger
	2

[Thu Aug 13 14:29:48 2020]
rule runCellRanger:
    input: /public/home/liuzj/scripts/pipeline/extractUsefulBaseForCellranger/rawData/inputFastq/
    output: /public/home/liuzj/scripts/pipeline/extractUsefulBaseForCellranger/results/step1_runCellRanger/step1Finished.empty
    jobid: 1
    threads: 64


cd /public/home/liuzj/scripts/pipeline/extractUsefulBaseForCellranger/scripts/
jpy_qsub.py --sm -t 64 -n 1 -N runCellRanger --inline 'mkdir /public/home/liuzj/scripts/pipeline/extractUsefulBaseForCellranger/results/step1_runCellRanger/cellRangerDir/ &&     cd /public/home/liuzj/scripts/pipeline/extractUsefulBaseForCellranger/results/step1_runCellRanger/cellRangerDir/ &&         cellranger count --id=cellranger --fastqs=/public/home/liuzj/scripts/pipeline/extractUsefulBaseForCellranger/rawData/inputFastq/ --transcriptome=/public/home/liuzj/projects/singleCell/00_data/00_endospermUseData/tair10 --localcores=64 --r1-length=28 &&             touch /public/home/liuzj/scripts/pipeline/extractUsefulBaseForCellranger/results/step1_runCellRanger/step1Finished.empty'
        
444731.master01
#PBS -N runCellRanger_47888
#PBS -o /public/home/liuzj/pbslog/$PBS_JOBNAME.o$PBS_JOBID
#PBS -e /public/home/liuzj/pbslog/$PBS_JOBNAME.e$PBS_JOBID
#PBS -l nodes=1:ppn=64
#PBS -l mem=97gb
#PBS -l walltime=831:00:00
#PBS -V
cd $PBS_O_WORKDIR
time mkdir /public/home/liuzj/scripts/pipeline/extractUsefulBaseForCellranger/results/step1_runCellRanger/cellRangerDir/ &&     cd /public/home/liuzj/scripts/pipeline/extractUsefulBaseForCellranger/results/step1_runCellRanger/cellRangerDir/ &&         cellranger count --id=cellranger --fastqs=/public/home/liuzj/scripts/pipeline/extractUsefulBaseForCellranger/rawData/inputFastq/ --transcriptome=/public/home/liuzj/projects/singleCell/00_data/00_endospermUseData/tair10 --localcores=64 --r1-length=28 &&             touch /public/home/liuzj/scripts/pipeline/extractUsefulBaseForCellranger/results/step1_runCellRanger/step1Finished.empty || jpy_sendMessage.py --title 'IPF上的☆runCellRanger_47888☆似乎出现了意外情况' --content '看不到我看不到我看不到我'
[Thu Aug 13 15:15:05 2020]
Finished job 1.
1 of 2 steps (50%) done

[Thu Aug 13 15:15:05 2020]
localrule all:
    input: /public/home/liuzj/scripts/pipeline/extractUsefulBaseForCellranger/results/step1_runCellRanger/step1Finished.empty
    jobid: 0

[Thu Aug 13 15:15:05 2020]
Finished job 0.
2 of 2 steps (100%) done
Complete log: /public/home/liuzj/scripts/pipeline/extractUsefulBaseForCellranger/snakemake/.snakemake/log/2020-08-13T142948.239457.snakemake.log
