Building DAG of jobs...
Using shell: /usr/bin/bash
Provided cores: 128
Rules claiming more threads will be scaled down.
Job counts:
	count	jobs
	1	all
	1	extractSeq
	1	rerunCellRanger
	3

[Sat Aug 15 15:37:54 2020]
rule extractSeq:
    input: /public/home/liuzj/scripts/pipeline/extractUsefulBaseForCellranger/results/step4_getUsefulRegion/step4Finished.empty, /public/home/liuzj/scripts/pipeline/extractUsefulBaseForCellranger/rawData/inputFastq/
    output: /public/home/liuzj/scripts/pipeline/extractUsefulBaseForCellranger/results/step5_extractSeq/step5Finished.empty
    jobid: 2
    threads: 64


cd /public/home/liuzj/scripts/pipeline/extractUsefulBaseForCellranger/scripts/
jpy_qsub.py --sm -t 64 -n 1 -N extractSeq --inline 'python step05_extractSeq.py -i /public/home/liuzj/scripts/pipeline/extractUsefulBaseForCellranger/rawData/inputFastq/ -o /public/home/liuzj/scripts/pipeline/extractUsefulBaseForCellranger/results/step5_extractSeq/usefulRegionFastq/ -l /public/home/liuzj/scripts/pipeline/extractUsefulBaseForCellranger/results/step4_getUsefulRegion/lmdbFile/ -t 64 -s &&    touch /public/home/liuzj/scripts/pipeline/extractUsefulBaseForCellranger/results/step5_extractSeq/step5Finished.empty'
        
445077.master01
#PBS -N extractSeq_698673
#PBS -o /public/home/liuzj/pbslog/$PBS_JOBNAME.o$PBS_JOBID
#PBS -e /public/home/liuzj/pbslog/$PBS_JOBNAME.e$PBS_JOBID
#PBS -l nodes=1:ppn=64
#PBS -l mem=97gb
#PBS -l walltime=831:00:00
#PBS -V
cd $PBS_O_WORKDIR
time python step05_extractSeq.py -i /public/home/liuzj/scripts/pipeline/extractUsefulBaseForCellranger/rawData/inputFastq/ -o /public/home/liuzj/scripts/pipeline/extractUsefulBaseForCellranger/results/step5_extractSeq/usefulRegionFastq/ -l /public/home/liuzj/scripts/pipeline/extractUsefulBaseForCellranger/results/step4_getUsefulRegion/lmdbFile/ -t 64 -s &&    touch /public/home/liuzj/scripts/pipeline/extractUsefulBaseForCellranger/results/step5_extractSeq/step5Finished.empty || jpy_sendMessage.py --title 'IPF上的☆extractSeq_698673☆似乎出现了意外情况' --content '看不到我看不到我看不到我'
Waiting at most 1 seconds for missing files.
MissingOutputException in line 72 of /public/home/liuzj/scripts/pipeline/extractUsefulBaseForCellranger/snakemake/snakefile:
Job completed successfully, but some output files are missing. Missing files after 1 seconds:
/public/home/liuzj/scripts/pipeline/extractUsefulBaseForCellranger/results/step5_extractSeq/step5Finished.empty
This might be due to filesystem latency. If that is the case, consider to increase the wait time with --latency-wait.
  File "/public/home/liuzj/softwares/anaconda3/lib/python3.7/site-packages/snakemake/executors/__init__.py", line 544, in handle_job_success
  File "/public/home/liuzj/softwares/anaconda3/lib/python3.7/site-packages/snakemake/executors/__init__.py", line 231, in handle_job_success
Shutting down, this might take some time.
Exiting because a job execution failed. Look above for error message
Complete log: /public/home/liuzj/scripts/pipeline/extractUsefulBaseForCellranger/snakemake/.snakemake/log/2020-08-15T153754.359311.snakemake.log
