nohup: ignoring input
Building DAG of jobs...
Using shell: /usr/bin/bash
Provided cores: 128
Rules claiming more threads will be scaled down.
Job counts:
	count	jobs
	1	all
	1	extractSeq
	1	getOverlapInfo
	1	getUsefulRegion
	1	splitBam
	5

[Thu Aug 13 19:31:43 2020]
rule splitBam:
    input: /public/home/liuzj/scripts/pipeline/extractUsefulBaseForCellranger/results/step1_runCellRanger/step1Finished.empty
    output: /public/home/liuzj/scripts/pipeline/extractUsefulBaseForCellranger/results/step2_splitBam/step2Finished.empty
    jobid: 4


cd /public/home/liuzj/scripts/pipeline/extractUsefulBaseForCellranger/scripts/
jpy_qsub.py --sm -t 1 -n 1 -N splitBam --inline 'python step02_splitBam.py -i /public/home/liuzj/scripts/pipeline/extractUsefulBaseForCellranger/results/step1_runCellRanger//cellRangerDir/cellranger/outs/possorted_genome_bam.bam -o /public/home/liuzj/scripts/pipeline/extractUsefulBaseForCellranger/results/step2_splitBam/splitedDir/ -t 64 &&    touch /public/home/liuzj/scripts/pipeline/extractUsefulBaseForCellranger/results/step2_splitBam/step2Finished.empty'
        
444735.master01
#PBS -N splitBam_748853
#PBS -o /public/home/liuzj/pbslog/$PBS_JOBNAME.o$PBS_JOBID
#PBS -e /public/home/liuzj/pbslog/$PBS_JOBNAME.e$PBS_JOBID
#PBS -l nodes=1:ppn=1
#PBS -l mem=2gb
#PBS -l walltime=831:00:00
#PBS -V
cd $PBS_O_WORKDIR
time python step02_splitBam.py -i /public/home/liuzj/scripts/pipeline/extractUsefulBaseForCellranger/results/step1_runCellRanger//cellRangerDir/cellranger/outs/possorted_genome_bam.bam -o /public/home/liuzj/scripts/pipeline/extractUsefulBaseForCellranger/results/step2_splitBam/splitedDir/ -t 64 &&    touch /public/home/liuzj/scripts/pipeline/extractUsefulBaseForCellranger/results/step2_splitBam/step2Finished.empty || jpy_sendMessage.py --title 'IPF上的☆splitBam_748853☆似乎出现了意外情况' --content '看不到我看不到我看不到我'
[Thu Aug 13 19:34:03 2020]
Finished job 4.
1 of 5 steps (20%) done

[Thu Aug 13 19:34:03 2020]
rule getOverlapInfo:
    input: /public/home/liuzj/scripts/pipeline/extractUsefulBaseForCellranger/results/step2_splitBam/step2Finished.empty
    output: /public/home/liuzj/scripts/pipeline/extractUsefulBaseForCellranger/results/step3_getOverlapInfo/overlapInfo.tsv
    jobid: 3
    threads: 64


cd /public/home/liuzj/scripts/pipeline/extractUsefulBaseForCellranger/scripts/
jpy_qsub.py --sm -t 64 -n 1 -N getOverlapInfo --inline 'python step03_getOverlapInfo.py -i /public/home/liuzj/scripts/pipeline/extractUsefulBaseForCellranger/results/step2_splitBam/splitedDir/ -o /public/home/liuzj/scripts/pipeline/extractUsefulBaseForCellranger/results/step3_getOverlapInfo/overlapInfo.tsv -t 64'
        
444736.master01
#PBS -N getOverlapInfo_993775
#PBS -o /public/home/liuzj/pbslog/$PBS_JOBNAME.o$PBS_JOBID
#PBS -e /public/home/liuzj/pbslog/$PBS_JOBNAME.e$PBS_JOBID
#PBS -l nodes=1:ppn=64
#PBS -l mem=97gb
#PBS -l walltime=831:00:00
#PBS -V
cd $PBS_O_WORKDIR
time python step03_getOverlapInfo.py -i /public/home/liuzj/scripts/pipeline/extractUsefulBaseForCellranger/results/step2_splitBam/splitedDir/ -o /public/home/liuzj/scripts/pipeline/extractUsefulBaseForCellranger/results/step3_getOverlapInfo/overlapInfo.tsv -t 64 || jpy_sendMessage.py --title 'IPF上的☆getOverlapInfo_993775☆似乎出现了意外情况' --content '看不到我看不到我看不到我'
[Thu Aug 13 19:34:55 2020]
Finished job 3.
2 of 5 steps (40%) done

[Thu Aug 13 19:34:55 2020]
rule getUsefulRegion:
    input: /public/home/liuzj/scripts/pipeline/extractUsefulBaseForCellranger/results/step3_getOverlapInfo/overlapInfo.tsv
    output: /public/home/liuzj/scripts/pipeline/extractUsefulBaseForCellranger/results/step4_getUsefulRegion/step4Finished.empty
    jobid: 2
    threads: 64


cd /public/home/liuzj/scripts/pipeline/extractUsefulBaseForCellranger/scripts/
jpy_qsub.py --sm -t 64 -n 1 -N getUsefulRegion --inline 'python step04_getUsefulRegion.py -i /public/home/liuzj/scripts/pipeline/extractUsefulBaseForCellranger/results/step3_getOverlapInfo/overlapInfo.tsv -o /public/home/liuzj/scripts/pipeline/extractUsefulBaseForCellranger/results/step4_getUsefulRegion/lmdbFile/ -t 64 &&    touch /public/home/liuzj/scripts/pipeline/extractUsefulBaseForCellranger/results/step4_getUsefulRegion/step4Finished.empty'
        
444737.master01
#PBS -N getUsefulRegion_663771
#PBS -o /public/home/liuzj/pbslog/$PBS_JOBNAME.o$PBS_JOBID
#PBS -e /public/home/liuzj/pbslog/$PBS_JOBNAME.e$PBS_JOBID
#PBS -l nodes=1:ppn=64
#PBS -l mem=97gb
#PBS -l walltime=831:00:00
#PBS -V
cd $PBS_O_WORKDIR
time python step04_getUsefulRegion.py -i /public/home/liuzj/scripts/pipeline/extractUsefulBaseForCellranger/results/step3_getOverlapInfo/overlapInfo.tsv -o /public/home/liuzj/scripts/pipeline/extractUsefulBaseForCellranger/results/step4_getUsefulRegion/lmdbFile/ -t 64 &&    touch /public/home/liuzj/scripts/pipeline/extractUsefulBaseForCellranger/results/step4_getUsefulRegion/step4Finished.empty || jpy_sendMessage.py --title 'IPF上的☆getUsefulRegion_663771☆似乎出现了意外情况' --content '看不到我看不到我看不到我'
Waiting at most 1 seconds for missing files.
MissingOutputException in line 57 of /public/home/liuzj/scripts/pipeline/extractUsefulBaseForCellranger/snakemake/snakefile:
Job completed successfully, but some output files are missing. Missing files after 1 seconds:
/public/home/liuzj/scripts/pipeline/extractUsefulBaseForCellranger/results/step4_getUsefulRegion/step4Finished.empty
This might be due to filesystem latency. If that is the case, consider to increase the wait time with --latency-wait.
  File "/public/home/liuzj/softwares/anaconda3/lib/python3.8/site-packages/snakemake/executors/__init__.py", line 544, in handle_job_success
  File "/public/home/liuzj/softwares/anaconda3/lib/python3.8/site-packages/snakemake/executors/__init__.py", line 225, in handle_job_success
Shutting down, this might take some time.
Exiting because a job execution failed. Look above for error message
Complete log: /public/home/liuzj/scripts/pipeline/extractUsefulBaseForCellranger/snakemake/.snakemake/log/2020-08-13T193143.307566.snakemake.log
