nohup: ignoring input
Building DAG of jobs...
Using shell: /usr/bin/bash
Provided cores: 128
Rules claiming more threads will be scaled down.
Job counts:
	count	jobs
	1	all
	1	splitBam
	2

[Wed Aug 12 21:36:45 2020]
rule splitBam:
    input: /public/home/liuzj/scripts/pipeline/extractUsefulBaseForCellranger/rawData/test.bam
    output: /public/home/liuzj/scripts/pipeline/extractUsefulBaseForCellranger/results/step1_splitBam/step1Finished.empty
    jobid: 1


cd /public/home/liuzj/scripts/pipeline/extractUsefulBaseForCellranger/scripts/
jpy_qsub.py --sm -t 1 -n 1 -N splitBam --inline 'python step01_splitBam.py -i /public/home/liuzj/scripts/pipeline/extractUsefulBaseForCellranger/rawData/test.bam -o /public/home/liuzj/scripts/pipeline/extractUsefulBaseForCellranger/results/step1_splitBam/splitedDir/ -t 64 &&    touch /public/home/liuzj/scripts/pipeline/extractUsefulBaseForCellranger/results/step1_splitBam/step1Finished.empty'
        
444590.master01
#PBS -N splitBam_679012
#PBS -o /public/home/liuzj/pbslog/$PBS_JOBNAME.o$PBS_JOBID
#PBS -e /public/home/liuzj/pbslog/$PBS_JOBNAME.e$PBS_JOBID
#PBS -l nodes=1:ppn=1
#PBS -l mem=2gb
#PBS -l walltime=831:00:00
#PBS -V
cd $PBS_O_WORKDIR
time python step01_splitBam.py -i /public/home/liuzj/scripts/pipeline/extractUsefulBaseForCellranger/rawData/test.bam -o /public/home/liuzj/scripts/pipeline/extractUsefulBaseForCellranger/results/step1_splitBam/splitedDir/ -t 64 &&    touch /public/home/liuzj/scripts/pipeline/extractUsefulBaseForCellranger/results/step1_splitBam/step1Finished.empty || jpy_sendMessage.py --title 'IPF上的☆splitBam_679012☆似乎出现了意外情况' --content '看不到我看不到我看不到我'
[Wed Aug 12 21:39:06 2020]
Finished job 1.
1 of 2 steps (50%) done

[Wed Aug 12 21:39:06 2020]
localrule all:
    input: /public/home/liuzj/scripts/pipeline/extractUsefulBaseForCellranger/results/step1_splitBam/step1Finished.empty
    jobid: 0

[Wed Aug 12 21:39:06 2020]
Finished job 0.
2 of 2 steps (100%) done
Complete log: /public/home/liuzj/scripts/pipeline/extractUsefulBaseForCellranger/snakemake/.snakemake/log/2020-08-12T213645.303020.snakemake.log
