Building DAG of jobs...
Using shell: /usr/bin/bash
Provided cores: 128
Rules claiming more threads will be scaled down.
Job counts:
	count	jobs
	1	all
	1	extractSeq
	1	rerunCellRanger
	3

[Sat Aug 15 15:43:08 2020]
rule extractSeq:
    input: /public/home/liuzj/scripts/pipeline/extractUsefulBaseForCellranger/results/step4_getUsefulRegion/step4Finished.empty, /public/home/liuzj/scripts/pipeline/extractUsefulBaseForCellranger/rawData/inputFastq/
    output: /public/home/liuzj/scripts/pipeline/extractUsefulBaseForCellranger/results/step5_extractSeq/step5Finished.empty
    jobid: 2
    threads: 64


cd /public/home/liuzj/scripts/pipeline/extractUsefulBaseForCellranger/scripts/
jpy_qsub.py --sm -t 64 -n 1 -N extractSeq --inline 'python step05_extractSeq.py -i /public/home/liuzj/scripts/pipeline/extractUsefulBaseForCellranger/rawData/inputFastq/ -o /public/home/liuzj/scripts/pipeline/extractUsefulBaseForCellranger/results/step5_extractSeq/usefulRegionFastq/ -l /public/home/liuzj/scripts/pipeline/extractUsefulBaseForCellranger/results/step4_getUsefulRegion/lmdbFile/ -t 64 -s &&    touch /public/home/liuzj/scripts/pipeline/extractUsefulBaseForCellranger/results/step5_extractSeq/step5Finished.empty'
        
445079.master01
#PBS -N extractSeq_889021
#PBS -o /public/home/liuzj/pbslog/$PBS_JOBNAME.o$PBS_JOBID
#PBS -e /public/home/liuzj/pbslog/$PBS_JOBNAME.e$PBS_JOBID
#PBS -l nodes=1:ppn=64
#PBS -l mem=97gb
#PBS -l walltime=831:00:00
#PBS -V
cd $PBS_O_WORKDIR
time python step05_extractSeq.py -i /public/home/liuzj/scripts/pipeline/extractUsefulBaseForCellranger/rawData/inputFastq/ -o /public/home/liuzj/scripts/pipeline/extractUsefulBaseForCellranger/results/step5_extractSeq/usefulRegionFastq/ -l /public/home/liuzj/scripts/pipeline/extractUsefulBaseForCellranger/results/step4_getUsefulRegion/lmdbFile/ -t 64 -s &&    touch /public/home/liuzj/scripts/pipeline/extractUsefulBaseForCellranger/results/step5_extractSeq/step5Finished.empty || jpy_sendMessage.py --title 'IPF上的☆extractSeq_889021☆似乎出现了意外情况' --content '看不到我看不到我看不到我'
[Sat Aug 15 15:43:58 2020]
Finished job 2.
1 of 3 steps (33%) done

[Sat Aug 15 15:43:58 2020]
rule rerunCellRanger:
    input: /public/home/liuzj/scripts/pipeline/extractUsefulBaseForCellranger/results/step5_extractSeq/step5Finished.empty
    output: /public/home/liuzj/scripts/pipeline/extractUsefulBaseForCellranger/results/step6_rerunCellRanger/step6Finished.empty
    jobid: 1
    threads: 64


cd /public/home/liuzj/scripts/pipeline/extractUsefulBaseForCellranger/scripts/
jpy_qsub.py --sm -t 64 -n 1 -N rerunCellRanger --inline 'mkdir /public/home/liuzj/scripts/pipeline/extractUsefulBaseForCellranger/results/step6_rerunCellRanger/rerunCellRangerDir/ &&     cd /public/home/liuzj/scripts/pipeline/extractUsefulBaseForCellranger/results/step6_rerunCellRanger/rerunCellRangerDir/ &&         cellranger count --id=cellranger --fastqs=/public/home/liuzj/scripts/pipeline/extractUsefulBaseForCellranger/results/step5_extractSeq/usefulRegionFastq/ --transcriptome=/public/home/liuzj/projects/singleCell/00_data/00_endospermUseData/tair10 --localcores=64 --r1-length=28 &&             touch /public/home/liuzj/scripts/pipeline/extractUsefulBaseForCellranger/results/step6_rerunCellRanger/step6Finished.empty'
        
445080.master01
#PBS -N rerunCellRanger_112686
#PBS -o /public/home/liuzj/pbslog/$PBS_JOBNAME.o$PBS_JOBID
#PBS -e /public/home/liuzj/pbslog/$PBS_JOBNAME.e$PBS_JOBID
#PBS -l nodes=1:ppn=64
#PBS -l mem=97gb
#PBS -l walltime=831:00:00
#PBS -V
cd $PBS_O_WORKDIR
time mkdir /public/home/liuzj/scripts/pipeline/extractUsefulBaseForCellranger/results/step6_rerunCellRanger/rerunCellRangerDir/ &&     cd /public/home/liuzj/scripts/pipeline/extractUsefulBaseForCellranger/results/step6_rerunCellRanger/rerunCellRangerDir/ &&         cellranger count --id=cellranger --fastqs=/public/home/liuzj/scripts/pipeline/extractUsefulBaseForCellranger/results/step5_extractSeq/usefulRegionFastq/ --transcriptome=/public/home/liuzj/projects/singleCell/00_data/00_endospermUseData/tair10 --localcores=64 --r1-length=28 &&             touch /public/home/liuzj/scripts/pipeline/extractUsefulBaseForCellranger/results/step6_rerunCellRanger/step6Finished.empty || jpy_sendMessage.py --title 'IPF上的☆rerunCellRanger_112686☆似乎出现了意外情况' --content '看不到我看不到我看不到我'
[Sat Aug 15 16:20:00 2020]
Finished job 1.
2 of 3 steps (67%) done

[Sat Aug 15 16:20:00 2020]
localrule all:
    input: /public/home/liuzj/scripts/pipeline/extractUsefulBaseForCellranger/results/step6_rerunCellRanger/step6Finished.empty
    jobid: 0

[Sat Aug 15 16:20:00 2020]
Finished job 0.
3 of 3 steps (100%) done
Complete log: /public/home/liuzj/scripts/pipeline/extractUsefulBaseForCellranger/snakemake/.snakemake/log/2020-08-15T154308.430205.snakemake.log
