nohup: ignoring input
Building DAG of jobs...
Using shell: /usr/bin/bash
Provided cores: 128
Rules claiming more threads will be scaled down.
Job counts:
	count	jobs
	1	all
	1	extractSeq
	2

[Fri Aug 14 14:45:12 2020]
rule extractSeq:
    input: /public/home/liuzj/scripts/pipeline/extractUsefulBaseForCellranger/results/step4_getUsefulRegion/step4Finished.empty, /public/home/liuzj/scripts/pipeline/extractUsefulBaseForCellranger/rawData/inputFastq/
    output: /public/home/liuzj/scripts/pipeline/extractUsefulBaseForCellranger/results/step5_extractSeq/step5Finished.empty
    jobid: 1
    threads: 64


cd /public/home/liuzj/scripts/pipeline/extractUsefulBaseForCellranger/scripts/
jpy_qsub.py --sm -t 64 -n 1 -N extractSeq --inline 'python step05_extractSeq.py -i /public/home/liuzj/scripts/pipeline/extractUsefulBaseForCellranger/rawData/inputFastq/ -o /public/home/liuzj/scripts/pipeline/extractUsefulBaseForCellranger/results/step5_extractSeq/usefulRegionFastq/ -l /public/home/liuzj/scripts/pipeline/extractUsefulBaseForCellranger/results/step4_getUsefulRegion/lmdbFile/ -t 64 -s &&    touch /public/home/liuzj/scripts/pipeline/extractUsefulBaseForCellranger/results/step5_extractSeq/step5Finished.empty'
        
444879.master01
#PBS -N extractSeq_987105
#PBS -o /public/home/liuzj/pbslog/$PBS_JOBNAME.o$PBS_JOBID
#PBS -e /public/home/liuzj/pbslog/$PBS_JOBNAME.e$PBS_JOBID
#PBS -l nodes=1:ppn=64
#PBS -l mem=97gb
#PBS -l walltime=831:00:00
#PBS -V
cd $PBS_O_WORKDIR
time python step05_extractSeq.py -i /public/home/liuzj/scripts/pipeline/extractUsefulBaseForCellranger/rawData/inputFastq/ -o /public/home/liuzj/scripts/pipeline/extractUsefulBaseForCellranger/results/step5_extractSeq/usefulRegionFastq/ -l /public/home/liuzj/scripts/pipeline/extractUsefulBaseForCellranger/results/step4_getUsefulRegion/lmdbFile/ -t 64 -s &&    touch /public/home/liuzj/scripts/pipeline/extractUsefulBaseForCellranger/results/step5_extractSeq/step5Finished.empty || jpy_sendMessage.py --title 'IPF上的☆extractSeq_987105☆似乎出现了意外情况' --content '看不到我看不到我看不到我'
[Fri Aug 14 14:46:02 2020]
Finished job 1.
1 of 2 steps (50%) done

[Fri Aug 14 14:46:02 2020]
localrule all:
    input: /public/home/liuzj/scripts/pipeline/extractUsefulBaseForCellranger/results/step5_extractSeq/step5Finished.empty
    jobid: 0

[Fri Aug 14 14:46:02 2020]
Finished job 0.
2 of 2 steps (100%) done
Complete log: /public/home/liuzj/scripts/pipeline/extractUsefulBaseForCellranger/snakemake/.snakemake/log/2020-08-14T144512.434636.snakemake.log
