Building DAG of jobs...
Using shell: /usr/bin/bash
Provided cluster nodes: 128
Job counts:
	count	jobs
	1	all
	1	findAdapter
	1	mappingGenome
	1	polyacaller
	4
Select jobs to execute...

[Tue Dec  1 14:46:56 2020]
rule mappingGenome:
    input: /public/home/liuzj/scripts/pipeline/polyACallerJb/data/nanopore.fa
    output: /public/home/liuzj/scripts/pipeline/polyACallerJb/results/step1_mappingGenome/mappingBam.bam
    jobid: 3
    threads: 56


cd /public/home/liuzj/scripts/pipeline/polyACallerJb/script/
minimap2 -t 56 -ax splice --secondary=no -G 12000 /public/home/liuzj/data/Araport11/genome.fa /public/home/liuzj/scripts/pipeline/polyACallerJb/data/nanopore.fa | samtools sort -@ 56 -o /public/home/liuzj/scripts/pipeline/polyACallerJb/results/step1_mappingGenome/mappingBam.bam -
samtools index -@ 56 /public/home/liuzj/scripts/pipeline/polyACallerJb/results/step1_mappingGenome/mappingBam.bam
        
Submitted job 3 with external jobid 'jsub Id: 457386'.
[Tue Dec  1 14:47:16 2020]
Finished job 3.
1 of 4 steps (25%) done
Select jobs to execute...

[Tue Dec  1 14:47:16 2020]
rule findAdapter:
    input: /public/home/liuzj/scripts/pipeline/polyACallerJb/data/nanopore.fa, /public/home/liuzj/scripts/pipeline/polyACallerJb/results/step1_mappingGenome/mappingBam.bam
    output: /public/home/liuzj/scripts/pipeline/polyACallerJb/results/step2_findAdapter/adapterResult.tsv
    jobid: 2
    threads: 56


cd /public/home/liuzj/scripts/pipeline/polyACallerJb/script/
python adapterFinder.py --inbam /public/home/liuzj/scripts/pipeline/polyACallerJb/results/step1_mappingGenome/mappingBam.bam --inseq /public/home/liuzj/scripts/pipeline/polyACallerJb/data/nanopore.fa --out /public/home/liuzj/scripts/pipeline/polyACallerJb/results/step2_findAdapter/adapterResult.tsv --threads 56
        
Submitted job 2 with external jobid 'jsub Id: 457387'.
[Tue Dec  1 14:47:26 2020]
Finished job 2.
2 of 4 steps (50%) done
Select jobs to execute...

[Tue Dec  1 14:47:26 2020]
rule polyacaller:
    input: /public/home/liuzj/scripts/pipeline/polyACallerJb/results/step2_findAdapter/adapterResult.tsv, /public/home/liuzj/scripts/pipeline/polyACallerJb/data/nanoporeSeqSummary.txt, /public/home/liuzj/scripts/pipeline/polyACallerJb/data/workspace
    output: /public/home/liuzj/scripts/pipeline/polyACallerJb/results/step3_polyacaller/polyATailResult.tsv
    jobid: 1
    threads: 56


cd /public/home/liuzj/scripts/pipeline/polyACallerJb/script/
python PolyACaller.py --inadapter /public/home/liuzj/scripts/pipeline/polyACallerJb/results/step2_findAdapter/adapterResult.tsv --summary /public/home/liuzj/scripts/pipeline/polyACallerJb/data/nanoporeSeqSummary.txt  --fast5dir /public/home/liuzj/scripts/pipeline/polyACallerJb/data/workspace --out /public/home/liuzj/scripts/pipeline/polyACallerJb/results/step3_polyacaller/polyATailResult.tsv --threads 56
        
Submitted job 1 with external jobid 'jsub Id: 457388'.
[Tue Dec  1 14:47:56 2020]
Finished job 1.
3 of 4 steps (75%) done
Select jobs to execute...

[Tue Dec  1 14:47:56 2020]
localrule all:
    input: /public/home/liuzj/scripts/pipeline/polyACallerJb/results/step3_polyacaller/polyATailResult.tsv
    jobid: 0

[Tue Dec  1 14:47:56 2020]
Finished job 0.
4 of 4 steps (100%) done
Complete log: /public/home/liuzj/scripts/pipeline/polyACallerJb/snakemake/.snakemake/log/2020-12-01T144656.058226.snakemake.log
