Building DAG of jobs...
Job counts:
	count	jobs
	1	all
	5	basecall
	1	test
	7

[Mon Jul 26 20:25:21 2021]
rule basecall:
    input: /scem/work/liuzj/projects/mouse/basecalledFastq/step1_splitH5/all.finished
    output: /scem/work/liuzj/projects/mouse/basecalledFastq/step2_basecall/all0.finished
    jobid: 2
    wildcards: sampleSplit=all0


if [ False = True ]
then
    ~/softwares/ont-guppy-4.2/bin/guppy_basecaller -c ~/softwares/ont-guppy-4.2/data/dna_r9.4.1_450bps_hac.cfg -i /scem/work/liuzj/projects/mouse/basecalledFastq/step1_splitH5/all/0/ --qscore_filtering --min_qscore=7 -s /scem/work/liuzj/projects/mouse/basecalledFastq/step2_basecall/all0/ -x "cuda:all:100%" --disable_pings --fast5_out
else
    ~/softwares/ont-guppy-4.2/bin/guppy_basecaller -c ~/softwares/ont-guppy-4.2/data/dna_r9.4.1_450bps_hac.cfg -i /scem/work/liuzj/projects/mouse/basecalledFastq/step1_splitH5/all/0/ --qscore_filtering --min_qscore=7 -s /scem/work/liuzj/projects/mouse/basecalledFastq/step2_basecall/all0/ -x "cuda:all:100%" --disable_pings
fi
touch /scem/work/liuzj/projects/mouse/basecalledFastq/step2_basecall/all0.finished
        

[Mon Jul 26 20:25:21 2021]
rule basecall:
    input: /scem/work/liuzj/projects/mouse/basecalledFastq/step1_splitH5/all.finished
    output: /scem/work/liuzj/projects/mouse/basecalledFastq/step2_basecall/all2.finished
    jobid: 5
    wildcards: sampleSplit=all2


if [ False = True ]
then
    ~/softwares/ont-guppy-4.2/bin/guppy_basecaller -c ~/softwares/ont-guppy-4.2/data/dna_r9.4.1_450bps_hac.cfg -i /scem/work/liuzj/projects/mouse/basecalledFastq/step1_splitH5/all/2/ --qscore_filtering --min_qscore=7 -s /scem/work/liuzj/projects/mouse/basecalledFastq/step2_basecall/all2/ -x "cuda:all:100%" --disable_pings --fast5_out
else
    ~/softwares/ont-guppy-4.2/bin/guppy_basecaller -c ~/softwares/ont-guppy-4.2/data/dna_r9.4.1_450bps_hac.cfg -i /scem/work/liuzj/projects/mouse/basecalledFastq/step1_splitH5/all/2/ --qscore_filtering --min_qscore=7 -s /scem/work/liuzj/projects/mouse/basecalledFastq/step2_basecall/all2/ -x "cuda:all:100%" --disable_pings
fi
touch /scem/work/liuzj/projects/mouse/basecalledFastq/step2_basecall/all2.finished
        

[Mon Jul 26 20:25:21 2021]
rule basecall:
    input: /scem/work/liuzj/projects/mouse/basecalledFastq/step1_splitH5/all.finished
    output: /scem/work/liuzj/projects/mouse/basecalledFastq/step2_basecall/all4.finished
    jobid: 7
    wildcards: sampleSplit=all4


if [ False = True ]
then
    ~/softwares/ont-guppy-4.2/bin/guppy_basecaller -c ~/softwares/ont-guppy-4.2/data/dna_r9.4.1_450bps_hac.cfg -i /scem/work/liuzj/projects/mouse/basecalledFastq/step1_splitH5/all/4/ --qscore_filtering --min_qscore=7 -s /scem/work/liuzj/projects/mouse/basecalledFastq/step2_basecall/all4/ -x "cuda:all:100%" --disable_pings --fast5_out
else
    ~/softwares/ont-guppy-4.2/bin/guppy_basecaller -c ~/softwares/ont-guppy-4.2/data/dna_r9.4.1_450bps_hac.cfg -i /scem/work/liuzj/projects/mouse/basecalledFastq/step1_splitH5/all/4/ --qscore_filtering --min_qscore=7 -s /scem/work/liuzj/projects/mouse/basecalledFastq/step2_basecall/all4/ -x "cuda:all:100%" --disable_pings
fi
touch /scem/work/liuzj/projects/mouse/basecalledFastq/step2_basecall/all4.finished
        

[Mon Jul 26 20:25:21 2021]
rule basecall:
    input: /scem/work/liuzj/projects/mouse/basecalledFastq/step1_splitH5/all.finished
    output: /scem/work/liuzj/projects/mouse/basecalledFastq/step2_basecall/all5.finished
    jobid: 8
    wildcards: sampleSplit=all5


if [ False = True ]
then
    ~/softwares/ont-guppy-4.2/bin/guppy_basecaller -c ~/softwares/ont-guppy-4.2/data/dna_r9.4.1_450bps_hac.cfg -i /scem/work/liuzj/projects/mouse/basecalledFastq/step1_splitH5/all/5/ --qscore_filtering --min_qscore=7 -s /scem/work/liuzj/projects/mouse/basecalledFastq/step2_basecall/all5/ -x "cuda:all:100%" --disable_pings --fast5_out
else
    ~/softwares/ont-guppy-4.2/bin/guppy_basecaller -c ~/softwares/ont-guppy-4.2/data/dna_r9.4.1_450bps_hac.cfg -i /scem/work/liuzj/projects/mouse/basecalledFastq/step1_splitH5/all/5/ --qscore_filtering --min_qscore=7 -s /scem/work/liuzj/projects/mouse/basecalledFastq/step2_basecall/all5/ -x "cuda:all:100%" --disable_pings
fi
touch /scem/work/liuzj/projects/mouse/basecalledFastq/step2_basecall/all5.finished
        

[Mon Jul 26 20:25:21 2021]
rule basecall:
    input: /scem/work/liuzj/projects/mouse/basecalledFastq/step1_splitH5/all.finished
    output: /scem/work/liuzj/projects/mouse/basecalledFastq/step2_basecall/all11.finished
    jobid: 14
    wildcards: sampleSplit=all11


if [ False = True ]
then
    ~/softwares/ont-guppy-4.2/bin/guppy_basecaller -c ~/softwares/ont-guppy-4.2/data/dna_r9.4.1_450bps_hac.cfg -i /scem/work/liuzj/projects/mouse/basecalledFastq/step1_splitH5/all/11/ --qscore_filtering --min_qscore=7 -s /scem/work/liuzj/projects/mouse/basecalledFastq/step2_basecall/all11/ -x "cuda:all:100%" --disable_pings --fast5_out
else
    ~/softwares/ont-guppy-4.2/bin/guppy_basecaller -c ~/softwares/ont-guppy-4.2/data/dna_r9.4.1_450bps_hac.cfg -i /scem/work/liuzj/projects/mouse/basecalledFastq/step1_splitH5/all/11/ --qscore_filtering --min_qscore=7 -s /scem/work/liuzj/projects/mouse/basecalledFastq/step2_basecall/all11/ -x "cuda:all:100%" --disable_pings
fi
touch /scem/work/liuzj/projects/mouse/basecalledFastq/step2_basecall/all11.finished
        

[Mon Jul 26 20:25:21 2021]
rule test:
    input: /scem/work/liuzj/projects/mouse/basecalledFastq/step2_basecall/all0.finished, /scem/work/liuzj/projects/mouse/basecalledFastq/step2_basecall/all1.finished, /scem/work/liuzj/projects/mouse/basecalledFastq/step2_basecall/all2.finished, /scem/work/liuzj/projects/mouse/basecalledFastq/step2_basecall/all3.finished, /scem/work/liuzj/projects/mouse/basecalledFastq/step2_basecall/all4.finished, /scem/work/liuzj/projects/mouse/basecalledFastq/step2_basecall/all5.finished, /scem/work/liuzj/projects/mouse/basecalledFastq/step2_basecall/all6.finished, /scem/work/liuzj/projects/mouse/basecalledFastq/step2_basecall/all7.finished, /scem/work/liuzj/projects/mouse/basecalledFastq/step2_basecall/all8.finished, /scem/work/liuzj/projects/mouse/basecalledFastq/step2_basecall/all9.finished, /scem/work/liuzj/projects/mouse/basecalledFastq/step2_basecall/all10.finished, /scem/work/liuzj/projects/mouse/basecalledFastq/step2_basecall/all11.finished
    output: /scem/work/liuzj/projects/mouse/basecalledFastq/step3_test/all.finished
    jobid: 1
    wildcards: sample=all

InputFunctionException in line 131 of /scem/work/liuzj/github/Liuzj_allScripts/pipeline/basecallByGuppy/snakemake/snakefile:
Error:
  KeyError: 'sampleSplit'
Wildcards:
  sample=all
Traceback:
  File "/scem/work/liuzj/github/Liuzj_allScripts/pipeline/basecallByGuppy/snakemake/snakefile", line 71, in parseDfToParams_test_basecall_sampleSplit
  File "/scem/work/liuzj/github/Liuzj_allScripts/pipeline/basecallByGuppy/snakemake/snakefile", line 71, in <listcomp>
  File "/scem/work/liuzj/softwares/anaconda/lib/python3.8/site-packages/pandas/core/indexing.py", line 2078, in __getitem__
  File "/scem/work/liuzj/softwares/anaconda/lib/python3.8/site-packages/pandas/core/indexing.py", line 2025, in __getitem__
  File "/scem/work/liuzj/softwares/anaconda/lib/python3.8/site-packages/pandas/core/frame.py", line 3010, in _get_value
  File "/scem/work/liuzj/softwares/anaconda/lib/python3.8/site-packages/pandas/core/generic.py", line 3542, in _get_item_cache
  File "/scem/work/liuzj/softwares/anaconda/lib/python3.8/site-packages/pandas/core/indexes/base.py", line 2900, in get_loc
  File "/scem/work/liuzj/softwares/anaconda/lib/python3.8/site-packages/snakemake/executors/__init__.py", line 136, in run_jobs
  File "/scem/work/liuzj/softwares/anaconda/lib/python3.8/site-packages/snakemake/executors/__init__.py", line 145, in run
  File "/scem/work/liuzj/softwares/anaconda/lib/python3.8/site-packages/snakemake/executors/__init__.py", line 156, in _run
  File "/scem/work/liuzj/softwares/anaconda/lib/python3.8/site-packages/snakemake/executors/__init__.py", line 176, in printjob
  File "/scem/work/liuzj/softwares/anaconda/lib/python3.8/site-packages/snakemake/executors/__init__.py", line 162, in printjob
