Building DAG of jobs...
Using shell: /usr/bin/bash
Provided cluster nodes: 128
Job counts:
	count	jobs
	1	all
	1	buildIndex
	1	polyACaller
	3
Welcome to the CBC MILP Solver 
Version: 2.9.0 
Build Date: Feb 12 2015 

command line - /public/home/liuzj/softwares/anaconda3/lib/python3.8/site-packages/pulp/apis/../solverdir/cbc/linux/64/cbc /tmp/acd4514421aa42d2be77dbe524258e1b-pulp.mps max ratio None allow None threads None presolve on strong None gomory on knapsack on probing on branch printingOptions all solution /tmp/acd4514421aa42d2be77dbe524258e1b-pulp.sol (default strategy 1)
At line 2 NAME          MODEL
At line 3 ROWS
At line 7 COLUMNS
At line 13 RHS
At line 16 BOUNDS
At line 18 ENDATA
Problem MODEL has 2 rows, 1 columns and 2 elements
Coin0008I MODEL read with 0 errors
String of None is illegal for double parameter ratioGap value remains 0
String of None is illegal for double parameter allowableGap value remains 0
String of None is illegal for integer parameter threads value remains 0
String of None is illegal for integer parameter strongBranching value remains 5
Option for gomoryCuts changed from ifmove to on
Option for knapsackCuts changed from ifmove to on
Continuous objective value is 2 - 0.00 seconds
Cgl0004I processed model has 0 rows, 0 columns (0 integer (0 of which binary)) and 0 elements
Cbc3007W No integer variables - nothing to do
Cuts at root node changed objective from -2 to -1.79769e+308
Probing was tried 0 times and created 0 cuts of which 0 were active after adding rounds of cuts (0.000 seconds)
Gomory was tried 0 times and created 0 cuts of which 0 were active after adding rounds of cuts (0.000 seconds)
Knapsack was tried 0 times and created 0 cuts of which 0 were active after adding rounds of cuts (0.000 seconds)
Clique was tried 0 times and created 0 cuts of which 0 were active after adding rounds of cuts (0.000 seconds)
MixedIntegerRounding2 was tried 0 times and created 0 cuts of which 0 were active after adding rounds of cuts (0.000 seconds)
FlowCover was tried 0 times and created 0 cuts of which 0 were active after adding rounds of cuts (0.000 seconds)
TwoMirCuts was tried 0 times and created 0 cuts of which 0 were active after adding rounds of cuts (0.000 seconds)

Result - Optimal solution found

Objective value:                2.00000000
Enumerated nodes:               0
Total iterations:               0
Time (CPU seconds):             0.00
Time (Wallclock seconds):       0.00

Option for printingOptions changed from normal to all
Total time (CPU seconds):       0.00   (Wallclock seconds):       0.00

/public/home/liuzj/softwares/anaconda3/lib/python3.8/site-packages/pulp/pulp.py:1195: UserWarning: Spaces are not permitted in the name. Converted to '_'
  warnings.warn("Spaces are not permitted in the name. Converted to '_'")

[Mon Sep  7 11:07:15 2020]
rule buildIndex:
    input: /public/home/liuzj/scripts/pipeline/polyACallerBasedOnWp/data/example.fa
    output: /public/home/liuzj/scripts/pipeline/polyACallerBasedOnWp/results/step1_buildIndex/exampleIndex.h5
    jobid: 2


cd /public/home/liuzj/scripts/pipeline/polyACallerBasedOnWp/scripts/
python step1_buildIndex.py -i /public/home/liuzj/scripts/pipeline/polyACallerBasedOnWp/data/example.fa --genome ~/data/Araport11/genome.fa -t 1 --f5dir /public/home/liuzj/projects/singleCell/00_data/01_rootUseData/01_basecalledData/00_basecalledData/all/workspace/ --f5summary /public/home/liuzj/projects/singleCell/00_data/01_rootUseData/01_basecalledData/00_basecalledData/all/sequencing_summary.txt --bed ~/data/Araport11/gene.bed -o /public/home/liuzj/scripts/pipeline/polyACallerBasedOnWp/results/step1_buildIndex/exampleIndex.h5
        
Submitted job 2 with external jobid '447551.master01'.
[Mon Sep  7 11:09:25 2020]
Finished job 2.
1 of 3 steps (33%) done
Welcome to the CBC MILP Solver 
Version: 2.9.0 
Build Date: Feb 12 2015 

command line - /public/home/liuzj/softwares/anaconda3/lib/python3.8/site-packages/pulp/apis/../solverdir/cbc/linux/64/cbc /tmp/11fd0a5289a140f38e2ffebde8426180-pulp.mps max ratio None allow None threads None presolve on strong None gomory on knapsack on probing on branch printingOptions all solution /tmp/11fd0a5289a140f38e2ffebde8426180-pulp.sol (default strategy 1)
At line 2 NAME          MODEL
At line 3 ROWS
At line 7 COLUMNS
At line 13 RHS
At line 16 BOUNDS
At line 18 ENDATA
Problem MODEL has 2 rows, 1 columns and 2 elements
Coin0008I MODEL read with 0 errors
String of None is illegal for double parameter ratioGap value remains 0
String of None is illegal for double parameter allowableGap value remains 0
String of None is illegal for integer parameter threads value remains 0
String of None is illegal for integer parameter strongBranching value remains 5
Option for gomoryCuts changed from ifmove to on
Option for knapsackCuts changed from ifmove to on
Continuous objective value is 2 - 0.00 seconds
Cgl0004I processed model has 0 rows, 0 columns (0 integer (0 of which binary)) and 0 elements
Cbc3007W No integer variables - nothing to do
Cuts at root node changed objective from -2 to -1.79769e+308
Probing was tried 0 times and created 0 cuts of which 0 were active after adding rounds of cuts (0.000 seconds)
Gomory was tried 0 times and created 0 cuts of which 0 were active after adding rounds of cuts (0.000 seconds)
Knapsack was tried 0 times and created 0 cuts of which 0 were active after adding rounds of cuts (0.000 seconds)
Clique was tried 0 times and created 0 cuts of which 0 were active after adding rounds of cuts (0.000 seconds)
MixedIntegerRounding2 was tried 0 times and created 0 cuts of which 0 were active after adding rounds of cuts (0.000 seconds)
FlowCover was tried 0 times and created 0 cuts of which 0 were active after adding rounds of cuts (0.000 seconds)
TwoMirCuts was tried 0 times and created 0 cuts of which 0 were active after adding rounds of cuts (0.000 seconds)

Result - Optimal solution found

Objective value:                2.00000000
Enumerated nodes:               0
Total iterations:               0
Time (CPU seconds):             0.00
Time (Wallclock seconds):       0.00

Option for printingOptions changed from normal to all
Total time (CPU seconds):       0.00   (Wallclock seconds):       0.00


[Mon Sep  7 11:09:25 2020]
rule polyACaller:
    input: /public/home/liuzj/scripts/pipeline/polyACallerBasedOnWp/results/step1_buildIndex/exampleIndex.h5
    output: /public/home/liuzj/scripts/pipeline/polyACallerBasedOnWp/results/step2_polyACaller/exampleAddPolyALength.h5
    jobid: 1


cd /public/home/liuzj/scripts/pipeline/polyACallerBasedOnWp/scripts/
python step2_polyACaller.py -i /public/home/liuzj/scripts/pipeline/polyACallerBasedOnWp/results/step1_buildIndex/exampleIndex.h5 -o /public/home/liuzj/scripts/pipeline/polyACallerBasedOnWp/results/step2_polyACaller/exampleAddPolyALength.h5 -t 1
        
Submitted job 1 with external jobid '447552.master01'.
